<?xml version="1.0" encoding="UTF-8"?>
<testsuite xmlns:xsi="http://www.w3.org/2001/XMLSchema-instance" xsi:noNamespaceSchemaLocation="https://maven.apache.org/surefire/maven-surefire-plugin/xsd/surefire-test-report.xsd" name="com.youyou.platform.AppTest" time="0.08" tests="1" errors="0" skipped="0" failures="0">
  <properties>
    <property name="sun.desktop" value="windows"/>
    <property name="awt.toolkit" value="sun.awt.windows.WToolkit"/>
    <property name="file.encoding.pkg" value="sun.io"/>
    <property name="java.specification.version" value="1.8"/>
    <property name="sun.cpu.isalist" value="amd64"/>
    <property name="sun.jnu.encoding" value="GBK"/>
    <property name="java.class.path" value="E:\youyou_platform\youyou_nacos_server\target\test-classes;E:\youyou_platform\youyou_nacos_server\target\classes;E:\tssp\lib\org\springframework\boot\spring-boot-starter-web\2.1.3.RELEASE\spring-boot-starter-web-2.1.3.RELEASE.jar;E:\tssp\lib\org\springframework\boot\spring-boot-starter\2.1.3.RELEASE\spring-boot-starter-2.1.3.RELEASE.jar;E:\tssp\lib\org\springframework\boot\spring-boot\2.1.3.RELEASE\spring-boot-2.1.3.RELEASE.jar;E:\tssp\lib\org\springframework\boot\spring-boot-autoconfigure\2.1.3.RELEASE\spring-boot-autoconfigure-2.1.3.RELEASE.jar;E:\tssp\lib\org\springframework\boot\spring-boot-starter-logging\2.1.3.RELEASE\spring-boot-starter-logging-2.1.3.RELEASE.jar;E:\tssp\lib\ch\qos\logback\logback-classic\1.2.3\logback-classic-1.2.3.jar;E:\tssp\lib\org\apache\logging\log4j\log4j-to-slf4j\2.11.2\log4j-to-slf4j-2.11.2.jar;E:\tssp\lib\org\apache\logging\log4j\log4j-api\2.11.2\log4j-api-2.11.2.jar;E:\tssp\lib\org\slf4j\jul-to-slf4j\1.7.25\jul-to-slf4j-1.7.25.jar;E:\tssp\lib\javax\annotation\javax.annotation-api\1.3.2\javax.annotation-api-1.3.2.jar;E:\tssp\lib\org\yaml\snakeyaml\1.23\snakeyaml-1.23.jar;E:\tssp\lib\org\springframework\boot\spring-boot-starter-json\2.1.3.RELEASE\spring-boot-starter-json-2.1.3.RELEASE.jar;E:\tssp\lib\com\fasterxml\jackson\core\jackson-databind\2.9.8\jackson-databind-2.9.8.jar;E:\tssp\lib\com\fasterxml\jackson\core\jackson-annotations\2.9.0\jackson-annotations-2.9.0.jar;E:\tssp\lib\com\fasterxml\jackson\core\jackson-core\2.9.8\jackson-core-2.9.8.jar;E:\tssp\lib\com\fasterxml\jackson\datatype\jackson-datatype-jdk8\2.9.8\jackson-datatype-jdk8-2.9.8.jar;E:\tssp\lib\com\fasterxml\jackson\datatype\jackson-datatype-jsr310\2.9.8\jackson-datatype-jsr310-2.9.8.jar;E:\tssp\lib\com\fasterxml\jackson\module\jackson-module-parameter-names\2.9.8\jackson-module-parameter-names-2.9.8.jar;E:\tssp\lib\org\springframework\boot\spring-boot-starter-tomcat\2.1.3.RELEASE\spring-boot-starter-tomcat-2.1.3.RELEASE.jar;E:\tssp\lib\org\apache\tomcat\embed\tomcat-embed-core\9.0.16\tomcat-embed-core-9.0.16.jar;E:\tssp\lib\org\apache\tomcat\embed\tomcat-embed-el\9.0.16\tomcat-embed-el-9.0.16.jar;E:\tssp\lib\org\apache\tomcat\embed\tomcat-embed-websocket\9.0.16\tomcat-embed-websocket-9.0.16.jar;E:\tssp\lib\org\hibernate\validator\hibernate-validator\6.0.14.Final\hibernate-validator-6.0.14.Final.jar;E:\tssp\lib\javax\validation\validation-api\2.0.1.Final\validation-api-2.0.1.Final.jar;E:\tssp\lib\org\jboss\logging\jboss-logging\3.3.2.Final\jboss-logging-3.3.2.Final.jar;E:\tssp\lib\com\fasterxml\classmate\1.4.0\classmate-1.4.0.jar;E:\tssp\lib\org\springframework\spring-web\5.1.5.RELEASE\spring-web-5.1.5.RELEASE.jar;E:\tssp\lib\org\springframework\spring-beans\5.1.5.RELEASE\spring-beans-5.1.5.RELEASE.jar;E:\tssp\lib\org\springframework\spring-webmvc\5.1.5.RELEASE\spring-webmvc-5.1.5.RELEASE.jar;E:\tssp\lib\org\springframework\spring-aop\5.1.5.RELEASE\spring-aop-5.1.5.RELEASE.jar;E:\tssp\lib\org\springframework\spring-context\5.1.5.RELEASE\spring-context-5.1.5.RELEASE.jar;E:\tssp\lib\org\springframework\spring-expression\5.1.5.RELEASE\spring-expression-5.1.5.RELEASE.jar;E:\tssp\lib\org\springframework\boot\spring-boot-starter-actuator\2.1.3.RELEASE\spring-boot-starter-actuator-2.1.3.RELEASE.jar;E:\tssp\lib\org\springframework\boot\spring-boot-actuator-autoconfigure\2.1.3.RELEASE\spring-boot-actuator-autoconfigure-2.1.3.RELEASE.jar;E:\tssp\lib\org\springframework\boot\spring-boot-actuator\2.1.3.RELEASE\spring-boot-actuator-2.1.3.RELEASE.jar;E:\tssp\lib\io\micrometer\micrometer-core\1.1.3\micrometer-core-1.1.3.jar;E:\tssp\lib\org\hdrhistogram\HdrHistogram\2.1.9\HdrHistogram-2.1.9.jar;E:\tssp\lib\org\latencyutils\LatencyUtils\2.0.3\LatencyUtils-2.0.3.jar;E:\tssp\lib\com\alibaba\boot\nacos-config-spring-boot-starter\0.2.1\nacos-config-spring-boot-starter-0.2.1.jar;E:\tssp\lib\com\alibaba\nacos\nacos-spring-context\0.2.2-RC1\nacos-spring-context-0.2.2-RC1.jar;E:\tssp\lib\com\alibaba\nacos\nacos-client\0.2.1-RC1\nacos-client-0.2.1-RC1.jar;E:\tssp\lib\com\alibaba\nacos\nacos-common\0.2.1-RC1\nacos-common-0.2.1-RC1.jar;E:\tssp\lib\commons-io\commons-io\2.2\commons-io-2.2.jar;E:\tssp\lib\org\apache\commons\commons-lang3\3.8.1\commons-lang3-3.8.1.jar;E:\tssp\lib\com\alibaba\nacos\nacos-api\0.2.1-RC1\nacos-api-0.2.1-RC1.jar;E:\tssp\lib\com\alibaba\fastjson\1.2.47\fastjson-1.2.47.jar;E:\tssp\lib\ch\qos\logback\logback-core\1.2.3\logback-core-1.2.3.jar;E:\tssp\lib\com\google\guava\guava\19.0\guava-19.0.jar;E:\tssp\lib\commons-codec\commons-codec\1.11\commons-codec-1.11.jar;E:\tssp\lib\org\codehaus\jackson\jackson-mapper-lgpl\1.9.6\jackson-mapper-lgpl-1.9.6.jar;E:\tssp\lib\org\codehaus\jackson\jackson-core-lgpl\1.9.6\jackson-core-lgpl-1.9.6.jar;E:\tssp\lib\com\alibaba\spring\spring-context-support\1.0.1\spring-context-support-1.0.1.jar;E:\tssp\lib\com\alibaba\boot\nacos-config-spring-boot-autoconfigure\0.2.1\nacos-config-spring-boot-autoconfigure-0.2.1.jar;E:\tssp\lib\com\alibaba\boot\nacos-spring-boot-base\0.2.1\nacos-spring-boot-base-0.2.1.jar;E:\tssp\lib\junit\junit\4.11\junit-4.11.jar;E:\tssp\lib\org\hamcrest\hamcrest-core\1.3\hamcrest-core-1.3.jar;E:\tssp\lib\org\springframework\boot\spring-boot-starter-test\2.1.3.RELEASE\spring-boot-starter-test-2.1.3.RELEASE.jar;E:\tssp\lib\org\springframework\boot\spring-boot-test\2.1.3.RELEASE\spring-boot-test-2.1.3.RELEASE.jar;E:\tssp\lib\org\springframework\boot\spring-boot-test-autoconfigure\2.1.3.RELEASE\spring-boot-test-autoconfigure-2.1.3.RELEASE.jar;E:\tssp\lib\com\jayway\jsonpath\json-path\2.4.0\json-path-2.4.0.jar;E:\tssp\lib\net\minidev\json-smart\2.3\json-smart-2.3.jar;E:\tssp\lib\net\minidev\accessors-smart\1.2\accessors-smart-1.2.jar;E:\tssp\lib\org\ow2\asm\asm\5.0.4\asm-5.0.4.jar;E:\tssp\lib\org\slf4j\slf4j-api\1.7.25\slf4j-api-1.7.25.jar;E:\tssp\lib\org\assertj\assertj-core\3.11.1\assertj-core-3.11.1.jar;E:\tssp\lib\org\mockito\mockito-core\2.23.4\mockito-core-2.23.4.jar;E:\tssp\lib\net\bytebuddy\byte-buddy\1.9.10\byte-buddy-1.9.10.jar;E:\tssp\lib\net\bytebuddy\byte-buddy-agent\1.9.10\byte-buddy-agent-1.9.10.jar;E:\tssp\lib\org\objenesis\objenesis\2.6\objenesis-2.6.jar;E:\tssp\lib\org\hamcrest\hamcrest-library\1.3\hamcrest-library-1.3.jar;E:\tssp\lib\org\skyscreamer\jsonassert\1.5.0\jsonassert-1.5.0.jar;E:\tssp\lib\com\vaadin\external\google\android-json\0.0.20131108.vaadin1\android-json-0.0.20131108.vaadin1.jar;E:\tssp\lib\org\springframework\spring-core\5.1.5.RELEASE\spring-core-5.1.5.RELEASE.jar;E:\tssp\lib\org\springframework\spring-jcl\5.1.5.RELEASE\spring-jcl-5.1.5.RELEASE.jar;E:\tssp\lib\org\springframework\spring-test\5.1.5.RELEASE\spring-test-5.1.5.RELEASE.jar;E:\tssp\lib\org\xmlunit\xmlunit-core\2.6.2\xmlunit-core-2.6.2.jar;"/>
    <property name="java.vm.vendor" value="Oracle Corporation"/>
    <property name="sun.arch.data.model" value="64"/>
    <property name="user.variant" value=""/>
    <property name="java.vendor.url" value="http://java.oracle.com/"/>
    <property name="user.timezone" value="Asia/Shanghai"/>
    <property name="java.vm.specification.version" value="1.8"/>
    <property name="os.name" value="Windows 7"/>
    <property name="user.country" value="CN"/>
    <property name="sun.java.launcher" value="SUN_STANDARD"/>
    <property name="sun.boot.library.path" value="C:\Program Files\Java\jdk1.8.0_91\jre\bin"/>
    <property name="sun.java.command" value="C:\Users\ADMINI~1\AppData\Local\Temp\surefire6534861487787028582\surefirebooter2456001289705658526.jar C:\Users\Administrator\AppData\Local\Temp\surefire6534861487787028582 2020-07-19T21-06-42_274-jvmRun1 surefire8007856778057338001tmp surefire_05771243771988907075tmp"/>
    <property name="surefire.test.class.path" value="E:\youyou_platform\youyou_nacos_server\target\test-classes;E:\youyou_platform\youyou_nacos_server\target\classes;E:\tssp\lib\org\springframework\boot\spring-boot-starter-web\2.1.3.RELEASE\spring-boot-starter-web-2.1.3.RELEASE.jar;E:\tssp\lib\org\springframework\boot\spring-boot-starter\2.1.3.RELEASE\spring-boot-starter-2.1.3.RELEASE.jar;E:\tssp\lib\org\springframework\boot\spring-boot\2.1.3.RELEASE\spring-boot-2.1.3.RELEASE.jar;E:\tssp\lib\org\springframework\boot\spring-boot-autoconfigure\2.1.3.RELEASE\spring-boot-autoconfigure-2.1.3.RELEASE.jar;E:\tssp\lib\org\springframework\boot\spring-boot-starter-logging\2.1.3.RELEASE\spring-boot-starter-logging-2.1.3.RELEASE.jar;E:\tssp\lib\ch\qos\logback\logback-classic\1.2.3\logback-classic-1.2.3.jar;E:\tssp\lib\org\apache\logging\log4j\log4j-to-slf4j\2.11.2\log4j-to-slf4j-2.11.2.jar;E:\tssp\lib\org\apache\logging\log4j\log4j-api\2.11.2\log4j-api-2.11.2.jar;E:\tssp\lib\org\slf4j\jul-to-slf4j\1.7.25\jul-to-slf4j-1.7.25.jar;E:\tssp\lib\javax\annotation\javax.annotation-api\1.3.2\javax.annotation-api-1.3.2.jar;E:\tssp\lib\org\yaml\snakeyaml\1.23\snakeyaml-1.23.jar;E:\tssp\lib\org\springframework\boot\spring-boot-starter-json\2.1.3.RELEASE\spring-boot-starter-json-2.1.3.RELEASE.jar;E:\tssp\lib\com\fasterxml\jackson\core\jackson-databind\2.9.8\jackson-databind-2.9.8.jar;E:\tssp\lib\com\fasterxml\jackson\core\jackson-annotations\2.9.0\jackson-annotations-2.9.0.jar;E:\tssp\lib\com\fasterxml\jackson\core\jackson-core\2.9.8\jackson-core-2.9.8.jar;E:\tssp\lib\com\fasterxml\jackson\datatype\jackson-datatype-jdk8\2.9.8\jackson-datatype-jdk8-2.9.8.jar;E:\tssp\lib\com\fasterxml\jackson\datatype\jackson-datatype-jsr310\2.9.8\jackson-datatype-jsr310-2.9.8.jar;E:\tssp\lib\com\fasterxml\jackson\module\jackson-module-parameter-names\2.9.8\jackson-module-parameter-names-2.9.8.jar;E:\tssp\lib\org\springframework\boot\spring-boot-starter-tomcat\2.1.3.RELEASE\spring-boot-starter-tomcat-2.1.3.RELEASE.jar;E:\tssp\lib\org\apache\tomcat\embed\tomcat-embed-core\9.0.16\tomcat-embed-core-9.0.16.jar;E:\tssp\lib\org\apache\tomcat\embed\tomcat-embed-el\9.0.16\tomcat-embed-el-9.0.16.jar;E:\tssp\lib\org\apache\tomcat\embed\tomcat-embed-websocket\9.0.16\tomcat-embed-websocket-9.0.16.jar;E:\tssp\lib\org\hibernate\validator\hibernate-validator\6.0.14.Final\hibernate-validator-6.0.14.Final.jar;E:\tssp\lib\javax\validation\validation-api\2.0.1.Final\validation-api-2.0.1.Final.jar;E:\tssp\lib\org\jboss\logging\jboss-logging\3.3.2.Final\jboss-logging-3.3.2.Final.jar;E:\tssp\lib\com\fasterxml\classmate\1.4.0\classmate-1.4.0.jar;E:\tssp\lib\org\springframework\spring-web\5.1.5.RELEASE\spring-web-5.1.5.RELEASE.jar;E:\tssp\lib\org\springframework\spring-beans\5.1.5.RELEASE\spring-beans-5.1.5.RELEASE.jar;E:\tssp\lib\org\springframework\spring-webmvc\5.1.5.RELEASE\spring-webmvc-5.1.5.RELEASE.jar;E:\tssp\lib\org\springframework\spring-aop\5.1.5.RELEASE\spring-aop-5.1.5.RELEASE.jar;E:\tssp\lib\org\springframework\spring-context\5.1.5.RELEASE\spring-context-5.1.5.RELEASE.jar;E:\tssp\lib\org\springframework\spring-expression\5.1.5.RELEASE\spring-expression-5.1.5.RELEASE.jar;E:\tssp\lib\org\springframework\boot\spring-boot-starter-actuator\2.1.3.RELEASE\spring-boot-starter-actuator-2.1.3.RELEASE.jar;E:\tssp\lib\org\springframework\boot\spring-boot-actuator-autoconfigure\2.1.3.RELEASE\spring-boot-actuator-autoconfigure-2.1.3.RELEASE.jar;E:\tssp\lib\org\springframework\boot\spring-boot-actuator\2.1.3.RELEASE\spring-boot-actuator-2.1.3.RELEASE.jar;E:\tssp\lib\io\micrometer\micrometer-core\1.1.3\micrometer-core-1.1.3.jar;E:\tssp\lib\org\hdrhistogram\HdrHistogram\2.1.9\HdrHistogram-2.1.9.jar;E:\tssp\lib\org\latencyutils\LatencyUtils\2.0.3\LatencyUtils-2.0.3.jar;E:\tssp\lib\com\alibaba\boot\nacos-config-spring-boot-starter\0.2.1\nacos-config-spring-boot-starter-0.2.1.jar;E:\tssp\lib\com\alibaba\nacos\nacos-spring-context\0.2.2-RC1\nacos-spring-context-0.2.2-RC1.jar;E:\tssp\lib\com\alibaba\nacos\nacos-client\0.2.1-RC1\nacos-client-0.2.1-RC1.jar;E:\tssp\lib\com\alibaba\nacos\nacos-common\0.2.1-RC1\nacos-common-0.2.1-RC1.jar;E:\tssp\lib\commons-io\commons-io\2.2\commons-io-2.2.jar;E:\tssp\lib\org\apache\commons\commons-lang3\3.8.1\commons-lang3-3.8.1.jar;E:\tssp\lib\com\alibaba\nacos\nacos-api\0.2.1-RC1\nacos-api-0.2.1-RC1.jar;E:\tssp\lib\com\alibaba\fastjson\1.2.47\fastjson-1.2.47.jar;E:\tssp\lib\ch\qos\logback\logback-core\1.2.3\logback-core-1.2.3.jar;E:\tssp\lib\com\google\guava\guava\19.0\guava-19.0.jar;E:\tssp\lib\commons-codec\commons-codec\1.11\commons-codec-1.11.jar;E:\tssp\lib\org\codehaus\jackson\jackson-mapper-lgpl\1.9.6\jackson-mapper-lgpl-1.9.6.jar;E:\tssp\lib\org\codehaus\jackson\jackson-core-lgpl\1.9.6\jackson-core-lgpl-1.9.6.jar;E:\tssp\lib\com\alibaba\spring\spring-context-support\1.0.1\spring-context-support-1.0.1.jar;E:\tssp\lib\com\alibaba\boot\nacos-config-spring-boot-autoconfigure\0.2.1\nacos-config-spring-boot-autoconfigure-0.2.1.jar;E:\tssp\lib\com\alibaba\boot\nacos-spring-boot-base\0.2.1\nacos-spring-boot-base-0.2.1.jar;E:\tssp\lib\junit\junit\4.11\junit-4.11.jar;E:\tssp\lib\org\hamcrest\hamcrest-core\1.3\hamcrest-core-1.3.jar;E:\tssp\lib\org\springframework\boot\spring-boot-starter-test\2.1.3.RELEASE\spring-boot-starter-test-2.1.3.RELEASE.jar;E:\tssp\lib\org\springframework\boot\spring-boot-test\2.1.3.RELEASE\spring-boot-test-2.1.3.RELEASE.jar;E:\tssp\lib\org\springframework\boot\spring-boot-test-autoconfigure\2.1.3.RELEASE\spring-boot-test-autoconfigure-2.1.3.RELEASE.jar;E:\tssp\lib\com\jayway\jsonpath\json-path\2.4.0\json-path-2.4.0.jar;E:\tssp\lib\net\minidev\json-smart\2.3\json-smart-2.3.jar;E:\tssp\lib\net\minidev\accessors-smart\1.2\accessors-smart-1.2.jar;E:\tssp\lib\org\ow2\asm\asm\5.0.4\asm-5.0.4.jar;E:\tssp\lib\org\slf4j\slf4j-api\1.7.25\slf4j-api-1.7.25.jar;E:\tssp\lib\org\assertj\assertj-core\3.11.1\assertj-core-3.11.1.jar;E:\tssp\lib\org\mockito\mockito-core\2.23.4\mockito-core-2.23.4.jar;E:\tssp\lib\net\bytebuddy\byte-buddy\1.9.10\byte-buddy-1.9.10.jar;E:\tssp\lib\net\bytebuddy\byte-buddy-agent\1.9.10\byte-buddy-agent-1.9.10.jar;E:\tssp\lib\org\objenesis\objenesis\2.6\objenesis-2.6.jar;E:\tssp\lib\org\hamcrest\hamcrest-library\1.3\hamcrest-library-1.3.jar;E:\tssp\lib\org\skyscreamer\jsonassert\1.5.0\jsonassert-1.5.0.jar;E:\tssp\lib\com\vaadin\external\google\android-json\0.0.20131108.vaadin1\android-json-0.0.20131108.vaadin1.jar;E:\tssp\lib\org\springframework\spring-core\5.1.5.RELEASE\spring-core-5.1.5.RELEASE.jar;E:\tssp\lib\org\springframework\spring-jcl\5.1.5.RELEASE\spring-jcl-5.1.5.RELEASE.jar;E:\tssp\lib\org\springframework\spring-test\5.1.5.RELEASE\spring-test-5.1.5.RELEASE.jar;E:\tssp\lib\org\xmlunit\xmlunit-core\2.6.2\xmlunit-core-2.6.2.jar;"/>
    <property name="sun.cpu.endian" value="little"/>
    <property name="user.home" value="C:\Users\Administrator"/>
    <property name="user.language" value="zh"/>
    <property name="java.specification.vendor" value="Oracle Corporation"/>
    <property name="java.home" value="C:\Program Files\Java\jdk1.8.0_91\jre"/>
    <property name="basedir" value="E:\youyou_platform\youyou_nacos_server"/>
    <property name="file.separator" value="\"/>
    <property name="line.separator" value="&#10;"/>
    <property name="java.vm.specification.vendor" value="Oracle Corporation"/>
    <property name="java.specification.name" value="Java Platform API Specification"/>
    <property name="java.awt.graphicsenv" value="sun.awt.Win32GraphicsEnvironment"/>
    <property name="surefire.real.class.path" value="C:\Users\ADMINI~1\AppData\Local\Temp\surefire6534861487787028582\surefirebooter2456001289705658526.jar"/>
    <property name="sun.boot.class.path" value="C:\Program Files\Java\jdk1.8.0_91\jre\lib\resources.jar;C:\Program Files\Java\jdk1.8.0_91\jre\lib\rt.jar;C:\Program Files\Java\jdk1.8.0_91\jre\lib\sunrsasign.jar;C:\Program Files\Java\jdk1.8.0_91\jre\lib\jsse.jar;C:\Program Files\Java\jdk1.8.0_91\jre\lib\jce.jar;C:\Program Files\Java\jdk1.8.0_91\jre\lib\charsets.jar;C:\Program Files\Java\jdk1.8.0_91\jre\lib\jfr.jar;C:\Program Files\Java\jdk1.8.0_91\jre\classes"/>
    <property name="user.script" value=""/>
    <property name="sun.management.compiler" value="HotSpot 64-Bit Tiered Compilers"/>
    <property name="java.runtime.version" value="1.8.0_91-b15"/>
    <property name="user.name" value="Administrator"/>
    <property name="path.separator" value=";"/>
    <property name="os.version" value="6.1"/>
    <property name="java.endorsed.dirs" value="C:\Program Files\Java\jdk1.8.0_91\jre\lib\endorsed"/>
    <property name="java.runtime.name" value="Java(TM) SE Runtime Environment"/>
    <property name="file.encoding" value="GBK"/>
    <property name="java.vm.name" value="Java HotSpot(TM) 64-Bit Server VM"/>
    <property name="localRepository" value="E:\tssp\lib"/>
    <property name="java.vendor.url.bug" value="http://bugreport.sun.com/bugreport/"/>
    <property name="java.io.tmpdir" value="C:\Users\ADMINI~1\AppData\Local\Temp\"/>
    <property name="java.version" value="1.8.0_91"/>
    <property name="user.dir" value="E:\youyou_platform\youyou_nacos_server"/>
    <property name="os.arch" value="amd64"/>
    <property name="java.vm.specification.name" value="Java Virtual Machine Specification"/>
    <property name="java.awt.printerjob" value="sun.awt.windows.WPrinterJob"/>
    <property name="idea.version2019.1.3" value="true"/>
    <property name="sun.os.patch.level" value="Service Pack 1"/>
    <property name="java.library.path" value="C:\Program Files\Java\jdk1.8.0_91\jre\bin;C:\Windows\Sun\Java\bin;C:\Windows\system32;C:\Windows;D:\Program Files (x86)\;C:\ProgramData\Oracle\Java\javapath;C:\Windows\system32;C:\Windows;C:\Windows\System32\Wbem;C:\Windows\System32\WindowsPowerShell\v1.0\;C:\Program Files\Java\jdk1.8.0_91\bin;C:\Program Files\Java\jdk1.8.0_91\jre\bin;D:\product\11.2.0\client_1\BIN;D:\ORACLE\instantclient_11_2;D:\apache-tomcat-7.0.69\bin;D:\apache-maven-3.3.3\bin;C:\Program Files\TortoiseSVN\bin;C:\Program Files\nodejs\;C:\Program Files\nodejs\node_global;D:\Program Files\Git\cmd;C:\Program Files\Java\jdk1.8.0_91\bin;C:\Program Files\Java\jdk1.8.0_91\jre\bin;D:\Python\Scripts\;D:\Python\;C:\Users\Administrator\AppData\Roaming\npm;D:\mysql-5.7.26-winx64\bin;."/>
    <property name="java.vm.info" value="mixed mode"/>
    <property name="java.vendor" value="Oracle Corporation"/>
    <property name="java.vm.version" value="25.91-b15"/>
    <property name="java.ext.dirs" value="C:\Program Files\Java\jdk1.8.0_91\jre\lib\ext;C:\Windows\Sun\Java\lib\ext"/>
    <property name="sun.io.unicode.encoding" value="UnicodeLittle"/>
    <property name="maven.repo.local" value="E:\tssp\lib"/>
    <property name="java.class.version" value="52.0"/>
  </properties>
  <testcase name="shouldAnswerWithTrue" classname="com.youyou.platform.AppTest" time="0.002"/>
</testsuite>